Build started 4/17/2016 12:17:47 PM.
     1>Project "C:\Users\wpger_000\documents\visual studio 2013\Projects\Valis\Valis\Valis.vcxproj" on node 2 (Build target(s)).
     1>CudaBuild:
         Compiling CUDA source file ByteArray.cu...
         cmd.exe /C "C:\Users\wpger_000\AppData\Local\Temp\tmp7f0bd4d62665481ea1e9cf131167d82b.cmd"
         "C:\Program Files\NVIDIA GPU Computing Toolkit\CUDA\v7.5\bin\nvcc.exe" -gencode=arch=compute_30,code=\"sm_30,compute_30\" -gencode=arch=compute_20,code=\"sm_20,compute_20\" --use-local-env --cl-version 2013 -ccbin "C:\Program Files (x86)\Microsoft Visual Studio 12.0\VC\bin"  -I"C:\Program Files\NVIDIA GPU Computing Toolkit\CUDA\v7.5\include" -I"C:\Program Files\NVIDIA GPU Computing Toolkit\CUDA\v7.5\include"     --keep-dir optimized -maxrregcount=0  --machine 32 --compile -cudart static     -DWIN32 -D_DEBUG -D_CONSOLE -D_MBCS -Xcompiler "/EHsc /W3 /nologo /O2 /Zi  /MDd " -o optimized\ByteArray.cu.obj "C:\Users\wpger_000\documents\visual studio 2013\Projects\Valis\Valis\ByteArray.cu"
         
         C:\Users\wpger_000\documents\visual studio 2013\Projects\Valis\Valis>"C:\Program Files\NVIDIA GPU Computing Toolkit\CUDA\v7.5\bin\nvcc.exe" -gencode=arch=compute_30,code=\"sm_30,compute_30\" -gencode=arch=compute_20,code=\"sm_20,compute_20\" --use-local-env --cl-version 2013 -ccbin "C:\Program Files (x86)\Microsoft Visual Studio 12.0\VC\bin"  -I"C:\Program Files\NVIDIA GPU Computing Toolkit\CUDA\v7.5\include" -I"C:\Program Files\NVIDIA GPU Computing Toolkit\CUDA\v7.5\include"     --keep-dir optimized -maxrregcount=0  --machine 32 --compile -cudart static     -DWIN32 -D_DEBUG -D_CONSOLE -D_MBCS -Xcompiler "/EHsc /W3 /nologo /O2 /Zi  /MDd " -o optimized\ByteArray.cu.obj "C:\Users\wpger_000\documents\visual studio 2013\Projects\Valis\Valis\ByteArray.cu" 
         ByteArray.cu
       CudaBuild:
         Compiling CUDA source file SignedDistanceField.cu...
         cmd.exe /C "C:\Users\wpger_000\AppData\Local\Temp\tmp7dd5a7e5fbb54c8696953ce570680af8.cmd"
         "C:\Program Files\NVIDIA GPU Computing Toolkit\CUDA\v7.5\bin\nvcc.exe" -gencode=arch=compute_30,code=\"sm_30,compute_30\" -gencode=arch=compute_20,code=\"sm_20,compute_20\" --use-local-env --cl-version 2013 -ccbin "C:\Program Files (x86)\Microsoft Visual Studio 12.0\VC\bin"  -I"C:\Program Files\NVIDIA GPU Computing Toolkit\CUDA\v7.5\include" -I"C:\Program Files\NVIDIA GPU Computing Toolkit\CUDA\v7.5\include"     --keep-dir optimized -maxrregcount=0  --machine 32 --compile -cudart static     -DWIN32 -D_DEBUG -D_CONSOLE -D_MBCS -Xcompiler "/EHsc /W3 /nologo /O2 /Zi  /MDd " -o optimized\SignedDistanceField.cu.obj "C:\Users\wpger_000\documents\visual studio 2013\Projects\Valis\Valis\SignedDistanceField.cu"
         
         C:\Users\wpger_000\documents\visual studio 2013\Projects\Valis\Valis>"C:\Program Files\NVIDIA GPU Computing Toolkit\CUDA\v7.5\bin\nvcc.exe" -gencode=arch=compute_30,code=\"sm_30,compute_30\" -gencode=arch=compute_20,code=\"sm_20,compute_20\" --use-local-env --cl-version 2013 -ccbin "C:\Program Files (x86)\Microsoft Visual Studio 12.0\VC\bin"  -I"C:\Program Files\NVIDIA GPU Computing Toolkit\CUDA\v7.5\include" -I"C:\Program Files\NVIDIA GPU Computing Toolkit\CUDA\v7.5\include"     --keep-dir optimized -maxrregcount=0  --machine 32 --compile -cudart static     -DWIN32 -D_DEBUG -D_CONSOLE -D_MBCS -Xcompiler "/EHsc /W3 /nologo /O2 /Zi  /MDd " -o optimized\SignedDistanceField.cu.obj "C:\Users\wpger_000\documents\visual studio 2013\Projects\Valis\Valis\SignedDistanceField.cu" 
     1>C:/Users/wpger_000/documents/visual studio 2013/Projects/Valis/Valis/SignedDistanceField.cu(52): warning : variable "valueToWrite" was declared but never referenced
     1>C:/Users/wpger_000/documents/visual studio 2013/Projects/Valis/Valis/SignedDistanceField.cu(52): warning : variable "valueToWrite" was declared but never referenced
     1>C:/Users/wpger_000/documents/visual studio 2013/Projects/Valis/Valis/SignedDistanceField.cu(52): warning : variable "valueToWrite" was declared but never referenced
     1>C:/Users/wpger_000/documents/visual studio 2013/Projects/Valis/Valis/SignedDistanceField.cu(52): warning : variable "valueToWrite" was declared but never referenced
         SignedDistanceField.cu
       CudaBuild:
         Compiling CUDA source file TestRelativeScreen.cu...
         cmd.exe /C "C:\Users\wpger_000\AppData\Local\Temp\tmpa3aecf1c42f64bf9a40a527d3d87de60.cmd"
         "C:\Program Files\NVIDIA GPU Computing Toolkit\CUDA\v7.5\bin\nvcc.exe" -gencode=arch=compute_30,code=\"sm_30,compute_30\" -gencode=arch=compute_20,code=\"sm_20,compute_20\" --use-local-env --cl-version 2013 -ccbin "C:\Program Files (x86)\Microsoft Visual Studio 12.0\VC\bin"  -I"C:\Program Files\NVIDIA GPU Computing Toolkit\CUDA\v7.5\include" -I"C:\Program Files\NVIDIA GPU Computing Toolkit\CUDA\v7.5\include"     --keep-dir optimized -maxrregcount=0  --machine 32 --compile -cudart static     -DWIN32 -D_DEBUG -D_CONSOLE -D_MBCS -Xcompiler "/EHsc /W3 /nologo /O2 /Zi  /MDd " -o optimized\TestRelativeScreen.cu.obj "C:\Users\wpger_000\documents\visual studio 2013\Projects\Valis\Valis\TestRelativeScreen.cu"
         
         C:\Users\wpger_000\documents\visual studio 2013\Projects\Valis\Valis>"C:\Program Files\NVIDIA GPU Computing Toolkit\CUDA\v7.5\bin\nvcc.exe" -gencode=arch=compute_30,code=\"sm_30,compute_30\" -gencode=arch=compute_20,code=\"sm_20,compute_20\" --use-local-env --cl-version 2013 -ccbin "C:\Program Files (x86)\Microsoft Visual Studio 12.0\VC\bin"  -I"C:\Program Files\NVIDIA GPU Computing Toolkit\CUDA\v7.5\include" -I"C:\Program Files\NVIDIA GPU Computing Toolkit\CUDA\v7.5\include"     --keep-dir optimized -maxrregcount=0  --machine 32 --compile -cudart static     -DWIN32 -D_DEBUG -D_CONSOLE -D_MBCS -Xcompiler "/EHsc /W3 /nologo /O2 /Zi  /MDd " -o optimized\TestRelativeScreen.cu.obj "C:\Users\wpger_000\documents\visual studio 2013\Projects\Valis\Valis\TestRelativeScreen.cu" 
     1>c:\users\wpger_000\documents\visual studio 2013\projects\valis\valis\SDSphere.cuh(47): warning : calling a __host__ function from a __host__ __device__ function is not allowed
     1>c:\users\wpger_000\documents\visual studio 2013\projects\valis\valis\SDTorus.cuh(51): warning : calling a __host__ function from a __host__ __device__ function is not allowed
     1>c:\users\wpger_000\documents\visual studio 2013\projects\valis\valis\SDCube.cuh(50): warning : calling a __host__ function from a __host__ __device__ function is not allowed
     1>c:\users\wpger_000\documents\visual studio 2013\projects\valis\valis\SDCylinder.cuh(50): warning : calling a __host__ function from a __host__ __device__ function is not allowed
     1>c:\users\wpger_000\documents\visual studio 2013\projects\valis\valis\DistancePrimitive.cuh(22): warning : calling a __host__ function("DistancePrimitive::DistancePrimitive") from a __host__ __device__ function("DistancePrimitive::DistancePrimitive [subobject]") is not allowed
     1>c:\users\wpger_000\documents\visual studio 2013\projects\valis\valis\SDModification.cuh(15): warning : calling a __host__ function("SDModification::SDModification") from a __host__ __device__ function("SDModification::SDModification [subobject]") is not allowed
     1>c:\users\wpger_000\documents\visual studio 2013\projects\valis\valis\SDSphere.cuh(47): warning : calling a __host__ function from a __host__ __device__ function is not allowed
     1>c:\users\wpger_000\documents\visual studio 2013\projects\valis\valis\SDTorus.cuh(51): warning : calling a __host__ function from a __host__ __device__ function is not allowed
     1>c:\users\wpger_000\documents\visual studio 2013\projects\valis\valis\SDCube.cuh(50): warning : calling a __host__ function from a __host__ __device__ function is not allowed
     1>c:\users\wpger_000\documents\visual studio 2013\projects\valis\valis\SDCylinder.cuh(50): warning : calling a __host__ function from a __host__ __device__ function is not allowed
     1>c:\users\wpger_000\documents\visual studio 2013\projects\valis\valis\DistancePrimitive.cuh(22): warning : calling a __host__ function("DistancePrimitive::DistancePrimitive") from a __host__ __device__ function("DistancePrimitive::DistancePrimitive [subobject]") is not allowed
     1>c:\users\wpger_000\documents\visual studio 2013\projects\valis\valis\SDModification.cuh(15): warning : calling a __host__ function("SDModification::SDModification") from a __host__ __device__ function("SDModification::SDModification [subobject]") is not allowed
         TestRelativeScreen.cu
     1>c:\users\wpger_000\documents\visual studio 2013\projects\valis\valis\BlendSDModification.cuh(36): warning C4244: 'initializing' : conversion from 'double' to 'float', possible loss of data
     1>c:\users\wpger_000\documents\visual studio 2013\projects\valis\valis\BlendSDModification.cuh(37): warning C4244: 'return' : conversion from 'double' to 'float', possible loss of data
     1>C:/Users/wpger_000/documents/visual studio 2013/Projects/Valis/Valis/TestRelativeScreen.cu(155): warning C4244: 'argument' : conversion from 'int' to 'float', possible loss of data
       ClCompile:
         C:\Program Files (x86)\Microsoft Visual Studio 12.0\VC\bin\CL.exe /c /I"C:\Program Files\NVIDIA GPU Computing Toolkit\CUDA\v7.5\include" /W3 /WX- /O2 /Ob2 /Ot /Oy- /D WIN32 /D _DEBUG /D _CONSOLE /D _MBCS /Gm /EHsc /MDd /GS /fp:precise /Zc:wchar_t /Zc:forScope /Fo"optimized\\" /Fd"optimized\vc120.pdb" /Gd /TP /analyze- /errorReport:prompt Application.cu Camera.cu Game.cu KDLeafNodeCollection.cu KeyboardCallback.cu ShaderProgram.cu
         Microsoft (R) C/C++ Optimizing Compiler Version 18.00.40629 for x86
         Copyright (C) Microsoft Corporation.  All rights reserved.
         
         cl /c /I"C:\Program Files\NVIDIA GPU Computing Toolkit\CUDA\v7.5\include" /W3 /WX- /O2 /Ob2 /Ot /Oy- /D WIN32 /D _DEBUG /D _CONSOLE /D _MBCS /Gm /EHsc /MDd /GS /fp:precise /Zc:wchar_t /Zc:forScope /Fo"optimized\\" /Fd"optimized\vc120.pdb" /Gd /TP /analyze- /errorReport:prompt Application.cu Camera.cu Game.cu KDLeafNodeCollection.cu KeyboardCallback.cu ShaderProgram.cu
         
     1>cl : Command line warning D9007: '/Gm' requires '/Zi or /ZI'; option ignored
         Application.cu
     1>C:\Programming\Libraries\glfw-3.1.2.bin.WIN32\glfw-3.1.2.bin.WIN32\include\GLFW/glfw3.h(722): warning C4099: 'GLFWwindow' : type name first seen using 'class' now seen using 'struct'
                 c:\users\wpger_000\documents\visual studio 2013\projects\valis\valis\KeyboardCallback.cuh(7) : see declaration of 'GLFWwindow'
     1>Application.cu(32): warning C4244: 'argument' : conversion from 'double' to 'float', possible loss of data
     1>Application.cu(37): warning C4244: 'argument' : conversion from 'double' to 'float', possible loss of data
     1>Application.cu(105): warning C4244: 'argument' : conversion from '__int64' to 'int', possible loss of data
         Camera.cu
         Game.cu
         KDLeafNodeCollection.cu
     1>C:\Program Files\NVIDIA GPU Computing Toolkit\CUDA\v7.5\include\thrust/system/detail/error_category.inl(102): warning C4996: 'strerror': This function or variable may be unsafe. Consider using strerror_s instead. To disable deprecation, use _CRT_SECURE_NO_WARNINGS. See online help for details.
                 C:\Program Files (x86)\Microsoft Visual Studio 12.0\VC\include\string.h(168) : see declaration of 'strerror'
     1>C:\Program Files\NVIDIA GPU Computing Toolkit\CUDA\v7.5\include\thrust/system/cuda/detail/bulk/detail/pointer_traits.hpp(55): warning C4800: 'unsigned int' : forcing value to bool 'true' or 'false' (performance warning)
         KeyboardCallback.cu
     1>c:\users\wpger_000\documents\visual studio 2013\projects\valis\valis\KeyboardCallback.cuh(7): warning C4099: 'GLFWwindow' : type name first seen using 'struct' now seen using 'class'
                 C:\Programming\Libraries\glfw-3.1.2.bin.WIN32\glfw-3.1.2.bin.WIN32\include\GLFW/glfw3.h(722) : see declaration of 'GLFWwindow'
         ShaderProgram.cu
         Generating Code...
       Link:
         C:\Program Files (x86)\Microsoft Visual Studio 12.0\VC\bin\link.exe /ERRORREPORT:PROMPT /OUT:"C:\Users\wpger_000\documents\visual studio 2013\Projects\Valis\optimized\Valis.exe" /INCREMENTAL /NOLOGO /LIBPATH:"C:\Users\wpger_000\Downloads\glfw-3.1.2.bin.WIN32.zip\glfw-3.1.2.bin.WIN32\lib-vc2013" /LIBPATH:"C:\Programming\Libraries\glew-1.13.0\bin\Release\Win32" /LIBPATH:"C:\Program Files\NVIDIA GPU Computing Toolkit\CUDA\v7.5\lib\Win32" cudart.lib kernel32.lib user32.lib gdi32.lib winspool.lib comdlg32.lib advapi32.lib shell32.lib ole32.lib oleaut32.lib uuid.lib odbc32.lib odbccp32.lib opengl32.lib glu32.lib glew32.lib glfw3.lib glfw3dll.lib kernel32.lib user32.lib gdi32.lib winspool.lib comdlg32.lib advapi32.lib shell32.lib ole32.lib oleaut32.lib uuid.lib odbc32.lib odbccp32.lib /MANIFEST /MANIFESTUAC:"level='asInvoker' uiAccess='false'" /manifest:embed /DEBUG /PDB:"C:\Users\wpger_000\documents\visual studio 2013\Projects\Valis\optimized\Valis.pdb" /SUBSYSTEM:CONSOLE /TLBID:1 /DYNAMICBASE /NXCOMPAT /IMPLIB:"C:\Users\wpger_000\documents\visual studio 2013\Projects\Valis\optimized\Valis.lib" /MACHINE:X86 optimized\ByteArray.cu.obj
         optimized\CarveSDPrimitive.cu.obj
         optimized\Descriptor.cu.obj
         optimized\Galaxy.cu.obj
         optimized\IBO.cu.obj
         optimized\kernel.cu.obj
         optimized\MouseClickCallback.cu.obj
         optimized\MouseMoveCallback.cu.obj
         optimized\Nova.cu.obj
         optimized\PBO.cu.obj
         optimized\PlaceSDPrimitive.cu.obj
         optimized\Player.cu.obj
         optimized\SDFDevice.cu.obj
         optimized\SDFExtractor.cu.obj
         optimized\SDFHilbertExtractor.cu.obj
         optimized\SDFHost.cu.obj
         optimized\SDSphere.cu.obj
         optimized\SDTorus.cu.obj
         optimized\SignedDistanceField.cu.obj
         optimized\TestRelativeScreen.cu.obj
         optimized\Texture1D.cu.obj
         optimized\Texture2D.cu.obj
         optimized\VAO.cu.obj
         optimized\VBO.cu.obj
         optimized\Application.obj
         optimized\Camera.obj
         optimized\Game.obj
         optimized\KDLeafNodeCollection.obj
         optimized\KeyboardCallback.obj
         optimized\ShaderProgram.obj
         Valis.vcxproj -> C:\Users\wpger_000\documents\visual studio 2013\Projects\Valis\optimized\Valis.exe
       PostBuildEvent:
         echo copy "C:\Program Files\NVIDIA GPU Computing Toolkit\CUDA\v7.5\bin\cudart*.dll" "C:\Users\wpger_000\documents\visual studio 2013\Projects\Valis\optimized\"
         copy "C:\Program Files\NVIDIA GPU Computing Toolkit\CUDA\v7.5\bin\cudart*.dll" "C:\Users\wpger_000\documents\visual studio 2013\Projects\Valis\optimized\"
         :VCEnd
         copy "C:\Program Files\NVIDIA GPU Computing Toolkit\CUDA\v7.5\bin\cudart*.dll" "C:\Users\wpger_000\documents\visual studio 2013\Projects\Valis\optimized\"
         C:\Program Files\NVIDIA GPU Computing Toolkit\CUDA\v7.5\bin\cudart32_75.dll
         C:\Program Files\NVIDIA GPU Computing Toolkit\CUDA\v7.5\bin\cudart64_75.dll
                 2 file(s) copied.
     1>Done Building Project "C:\Users\wpger_000\documents\visual studio 2013\Projects\Valis\Valis\Valis.vcxproj" (Build target(s)).

Build succeeded.

Time Elapsed 00:00:29.94
