c:\users\wpger_000\documents\visual studio 2013\projects\valis\valis\optimized\shaderprogram.obj
c:\users\wpger_000\documents\visual studio 2013\projects\valis\valis\optimized\keyboardcallback.obj
c:\users\wpger_000\documents\visual studio 2013\projects\valis\valis\optimized\kdleafnodecollection.obj
c:\users\wpger_000\documents\visual studio 2013\projects\valis\valis\optimized\game.obj
c:\users\wpger_000\documents\visual studio 2013\projects\valis\valis\optimized\camera.obj
c:\users\wpger_000\documents\visual studio 2013\projects\valis\valis\optimized\application.obj
c:\users\wpger_000\documents\visual studio 2013\projects\valis\optimized\valis.ilk
c:\users\wpger_000\documents\visual studio 2013\projects\valis\optimized\valis.exe
c:\users\wpger_000\documents\visual studio 2013\projects\valis\optimized\valis.pdb
c:\users\wpger_000\documents\visual studio 2013\projects\valis\valis\optimized\carvesdprimitive.cu.cache
c:\users\wpger_000\documents\visual studio 2013\projects\valis\valis\optimized\descriptor.cu.cache
c:\users\wpger_000\documents\visual studio 2013\projects\valis\valis\optimized\galaxy.cu.cache
c:\users\wpger_000\documents\visual studio 2013\projects\valis\valis\optimized\ibo.cu.cache
c:\users\wpger_000\documents\visual studio 2013\projects\valis\valis\optimized\kernel.cu.cache
c:\users\wpger_000\documents\visual studio 2013\projects\valis\valis\optimized\mouseclickcallback.cu.cache
c:\users\wpger_000\documents\visual studio 2013\projects\valis\valis\optimized\mousemovecallback.cu.cache
c:\users\wpger_000\documents\visual studio 2013\projects\valis\valis\optimized\pbo.cu.cache
c:\users\wpger_000\documents\visual studio 2013\projects\valis\valis\optimized\placesdprimitive.cu.cache
c:\users\wpger_000\documents\visual studio 2013\projects\valis\valis\optimized\player.cu.cache
c:\users\wpger_000\documents\visual studio 2013\projects\valis\valis\optimized\sdfdevice.cu.cache
c:\users\wpger_000\documents\visual studio 2013\projects\valis\valis\optimized\sdfhilbertextractor.cu.cache
c:\users\wpger_000\documents\visual studio 2013\projects\valis\valis\optimized\sdfhost.cu.cache
c:\users\wpger_000\documents\visual studio 2013\projects\valis\valis\optimized\sdsphere.cu.cache
c:\users\wpger_000\documents\visual studio 2013\projects\valis\valis\optimized\sdtorus.cu.cache
c:\users\wpger_000\documents\visual studio 2013\projects\valis\valis\optimized\testrelativescreen.cu.cache
c:\users\wpger_000\documents\visual studio 2013\projects\valis\valis\optimized\texture1d.cu.cache
c:\users\wpger_000\documents\visual studio 2013\projects\valis\valis\optimized\texture2d.cu.cache
c:\users\wpger_000\documents\visual studio 2013\projects\valis\valis\optimized\vao.cu.cache
c:\users\wpger_000\documents\visual studio 2013\projects\valis\valis\optimized\vbo.cu.cache
c:\users\wpger_000\documents\visual studio 2013\projects\valis\valis\optimized\carvesdprimitive.cu.obj
c:\users\wpger_000\documents\visual studio 2013\projects\valis\valis\optimized\descriptor.cu.obj
c:\users\wpger_000\documents\visual studio 2013\projects\valis\valis\optimized\galaxy.cu.obj
c:\users\wpger_000\documents\visual studio 2013\projects\valis\valis\optimized\ibo.cu.obj
c:\users\wpger_000\documents\visual studio 2013\projects\valis\valis\optimized\kernel.cu.obj
c:\users\wpger_000\documents\visual studio 2013\projects\valis\valis\optimized\mouseclickcallback.cu.obj
c:\users\wpger_000\documents\visual studio 2013\projects\valis\valis\optimized\mousemovecallback.cu.obj
c:\users\wpger_000\documents\visual studio 2013\projects\valis\valis\optimized\pbo.cu.obj
c:\users\wpger_000\documents\visual studio 2013\projects\valis\valis\optimized\placesdprimitive.cu.obj
c:\users\wpger_000\documents\visual studio 2013\projects\valis\valis\optimized\player.cu.obj
c:\users\wpger_000\documents\visual studio 2013\projects\valis\valis\optimized\sdfdevice.cu.obj
c:\users\wpger_000\documents\visual studio 2013\projects\valis\valis\optimized\sdfhilbertextractor.cu.obj
c:\users\wpger_000\documents\visual studio 2013\projects\valis\valis\optimized\sdfhost.cu.obj
c:\users\wpger_000\documents\visual studio 2013\projects\valis\valis\optimized\sdsphere.cu.obj
c:\users\wpger_000\documents\visual studio 2013\projects\valis\valis\optimized\sdtorus.cu.obj
c:\users\wpger_000\documents\visual studio 2013\projects\valis\valis\optimized\testrelativescreen.cu.obj
c:\users\wpger_000\documents\visual studio 2013\projects\valis\valis\optimized\texture1d.cu.obj
c:\users\wpger_000\documents\visual studio 2013\projects\valis\valis\optimized\texture2d.cu.obj
c:\users\wpger_000\documents\visual studio 2013\projects\valis\valis\optimized\vao.cu.obj
c:\users\wpger_000\documents\visual studio 2013\projects\valis\valis\optimized\vbo.cu.obj
c:\users\wpger_000\documents\visual studio 2013\projects\valis\valis\optimized\valis.tlog\cl.command.1.tlog
c:\users\wpger_000\documents\visual studio 2013\projects\valis\valis\optimized\valis.tlog\cl.read.1.tlog
c:\users\wpger_000\documents\visual studio 2013\projects\valis\valis\optimized\valis.tlog\cl.write.1.tlog
c:\users\wpger_000\documents\visual studio 2013\projects\valis\valis\optimized\valis.tlog\link.command.1.tlog
c:\users\wpger_000\documents\visual studio 2013\projects\valis\valis\optimized\valis.tlog\link.read.1.tlog
c:\users\wpger_000\documents\visual studio 2013\projects\valis\valis\optimized\valis.tlog\link.write.1.tlog
