c:\users\wpger_000\documents\visual studio 2013\projects\valis\valis\debug\vc120.pdb
c:\users\wpger_000\documents\visual studio 2013\projects\valis\valis\debug\vc120.idb
c:\users\wpger_000\documents\visual studio 2013\projects\valis\valis\debug\application.obj
c:\users\wpger_000\documents\visual studio 2013\projects\valis\valis\debug\camera.obj
c:\users\wpger_000\documents\visual studio 2013\projects\valis\valis\debug\game.obj
c:\users\wpger_000\documents\visual studio 2013\projects\valis\valis\debug\kdleafnodecollection.obj
c:\users\wpger_000\documents\visual studio 2013\projects\valis\valis\debug\keyboardcallback.obj
c:\users\wpger_000\documents\visual studio 2013\projects\valis\valis\debug\shaderprogram.obj
c:\users\wpger_000\documents\visual studio 2013\projects\valis\valis\debug\testscreen.obj
c:\users\wpger_000\documents\visual studio 2013\projects\valis\debug\valis.ilk
c:\users\wpger_000\documents\visual studio 2013\projects\valis\debug\valis.exe
c:\users\wpger_000\documents\visual studio 2013\projects\valis\debug\valis.pdb
c:\users\wpger_000\documents\visual studio 2013\projects\valis\valis\debug\carvesdprimitive.cu.cache
c:\users\wpger_000\documents\visual studio 2013\projects\valis\valis\debug\descriptor.cu.cache
c:\users\wpger_000\documents\visual studio 2013\projects\valis\valis\debug\kernel.cu.cache
c:\users\wpger_000\documents\visual studio 2013\projects\valis\valis\debug\mouseclickcallback.cu.cache
c:\users\wpger_000\documents\visual studio 2013\projects\valis\valis\debug\mousemovecallback.cu.cache
c:\users\wpger_000\documents\visual studio 2013\projects\valis\valis\debug\placesdprimitive.cu.cache
c:\users\wpger_000\documents\visual studio 2013\projects\valis\valis\debug\player.cu.cache
c:\users\wpger_000\documents\visual studio 2013\projects\valis\valis\debug\sdfdevice.cu.cache
c:\users\wpger_000\documents\visual studio 2013\projects\valis\valis\debug\sdfextractor.cu.cache
c:\users\wpger_000\documents\visual studio 2013\projects\valis\valis\debug\sdfhost.cu.cache
c:\users\wpger_000\documents\visual studio 2013\projects\valis\valis\debug\sdfrenderer.cu.cache
c:\users\wpger_000\documents\visual studio 2013\projects\valis\valis\debug\sdsphere.cu.cache
c:\users\wpger_000\documents\visual studio 2013\projects\valis\valis\debug\sdtorus.cu.cache
c:\users\wpger_000\documents\visual studio 2013\projects\valis\valis\debug\vao.cu.cache
c:\users\wpger_000\documents\visual studio 2013\projects\valis\valis\debug\carvesdprimitive.cu.obj
c:\users\wpger_000\documents\visual studio 2013\projects\valis\valis\debug\descriptor.cu.obj
c:\users\wpger_000\documents\visual studio 2013\projects\valis\valis\debug\kernel.cu.obj
c:\users\wpger_000\documents\visual studio 2013\projects\valis\valis\debug\mouseclickcallback.cu.obj
c:\users\wpger_000\documents\visual studio 2013\projects\valis\valis\debug\mousemovecallback.cu.obj
c:\users\wpger_000\documents\visual studio 2013\projects\valis\valis\debug\placesdprimitive.cu.obj
c:\users\wpger_000\documents\visual studio 2013\projects\valis\valis\debug\player.cu.obj
c:\users\wpger_000\documents\visual studio 2013\projects\valis\valis\debug\sdfdevice.cu.obj
c:\users\wpger_000\documents\visual studio 2013\projects\valis\valis\debug\sdfextractor.cu.obj
c:\users\wpger_000\documents\visual studio 2013\projects\valis\valis\debug\sdfhost.cu.obj
c:\users\wpger_000\documents\visual studio 2013\projects\valis\valis\debug\sdfrenderer.cu.obj
c:\users\wpger_000\documents\visual studio 2013\projects\valis\valis\debug\sdsphere.cu.obj
c:\users\wpger_000\documents\visual studio 2013\projects\valis\valis\debug\sdtorus.cu.obj
c:\users\wpger_000\documents\visual studio 2013\projects\valis\valis\debug\vao.cu.obj
c:\users\wpger_000\documents\visual studio 2013\projects\valis\valis\debug\valis.tlog\cl.command.1.tlog
c:\users\wpger_000\documents\visual studio 2013\projects\valis\valis\debug\valis.tlog\cl.read.1.tlog
c:\users\wpger_000\documents\visual studio 2013\projects\valis\valis\debug\valis.tlog\cl.write.1.tlog
c:\users\wpger_000\documents\visual studio 2013\projects\valis\valis\debug\valis.tlog\link.command.1.tlog
c:\users\wpger_000\documents\visual studio 2013\projects\valis\valis\debug\valis.tlog\link.read.1.tlog
c:\users\wpger_000\documents\visual studio 2013\projects\valis\valis\debug\valis.tlog\link.write.1.tlog
