Build started 3/27/2016 12:05:58 PM.
     1>Project "C:\Users\wpger_000\documents\visual studio 2013\Projects\Valis\Valis\Valis.vcxproj" on node 2 (Build target(s)).
     1>AddCudaCompileDeps:
         C:\Program Files (x86)\Microsoft Visual Studio 12.0\VC\bin\cl.exe /E /nologo /showIncludes /TP /D__CUDACC__ /DWIN32 /D_DEBUG /D_CONSOLE /D_MBCS /I"C:\Program Files\NVIDIA GPU Computing Toolkit\CUDA\v7.5\include" /I"C:\Program Files\NVIDIA GPU Computing Toolkit\CUDA\v7.5\bin" /I"C:\Program Files\NVIDIA GPU Computing Toolkit\CUDA\v7.5\include" /I. /FIcuda_runtime.h /c "C:\Users\wpger_000\documents\visual studio 2013\Projects\Valis\Valis\SDFRelativeExtractor.cu" 
       AddCudaCompileDeps:
         C:\Program Files (x86)\Microsoft Visual Studio 12.0\VC\bin\cl.exe /E /nologo /showIncludes /TP /D__CUDACC__ /DWIN32 /D_DEBUG /D_CONSOLE /D_MBCS /I"C:\Program Files\NVIDIA GPU Computing Toolkit\CUDA\v7.5\include" /I"C:\Program Files\NVIDIA GPU Computing Toolkit\CUDA\v7.5\bin" /I"C:\Program Files\NVIDIA GPU Computing Toolkit\CUDA\v7.5\include" /I. /FIcuda_runtime.h /c "C:\Users\wpger_000\documents\visual studio 2013\Projects\Valis\Valis\TestRelativeScreen.cu" 
       CudaBuild:
         Compiling CUDA source file SDFRelativeExtractor.cu...
         cmd.exe /C "C:\Users\wpger_000\AppData\Local\Temp\tmp786ddee5cecd47088e85758a5dcc0364.cmd"
         "C:\Program Files\NVIDIA GPU Computing Toolkit\CUDA\v7.5\bin\nvcc.exe" -gencode=arch=compute_30,code=\"sm_30,compute_30\" -gencode=arch=compute_20,code=\"sm_20,compute_20\" --use-local-env --cl-version 2013 -ccbin "C:\Program Files (x86)\Microsoft Visual Studio 12.0\VC\bin"  -I"C:\Program Files\NVIDIA GPU Computing Toolkit\CUDA\v7.5\include" -I"C:\Program Files\NVIDIA GPU Computing Toolkit\CUDA\v7.5\include"  -G   --keep-dir Debug -maxrregcount=0  --machine 32 --compile -cudart static  -g   -DWIN32 -D_DEBUG -D_CONSOLE -D_MBCS -Xcompiler "/EHsc /W3 /nologo /Od /Zi /RTC1 /MDd " -o Debug\SDFRelativeExtractor.cu.obj "C:\Users\wpger_000\documents\visual studio 2013\Projects\Valis\Valis\SDFRelativeExtractor.cu"
         
         C:\Users\wpger_000\documents\visual studio 2013\Projects\Valis\Valis>"C:\Program Files\NVIDIA GPU Computing Toolkit\CUDA\v7.5\bin\nvcc.exe" -gencode=arch=compute_30,code=\"sm_30,compute_30\" -gencode=arch=compute_20,code=\"sm_20,compute_20\" --use-local-env --cl-version 2013 -ccbin "C:\Program Files (x86)\Microsoft Visual Studio 12.0\VC\bin"  -I"C:\Program Files\NVIDIA GPU Computing Toolkit\CUDA\v7.5\include" -I"C:\Program Files\NVIDIA GPU Computing Toolkit\CUDA\v7.5\include"  -G   --keep-dir Debug -maxrregcount=0  --machine 32 --compile -cudart static  -g   -DWIN32 -D_DEBUG -D_CONSOLE -D_MBCS -Xcompiler "/EHsc /W3 /nologo /Od /Zi /RTC1 /MDd " -o Debug\SDFRelativeExtractor.cu.obj "C:\Users\wpger_000\documents\visual studio 2013\Projects\Valis\Valis\SDFRelativeExtractor.cu" 
     1>C:\Program Files (x86)\Windows Kits\8.1\Include\shared\minwindef.h(130): warning C4005: 'APIENTRY' : macro redefinition
     1>c:\users\wpger_000\documents\visual studio 2013\projects\valis\valis\SDSphere.cuh(41): warning : calling a __host__ function from a __host__ __device__ function is not allowed
     1>c:\users\wpger_000\documents\visual studio 2013\projects\valis\valis\SDTorus.cuh(45): warning : calling a __host__ function from a __host__ __device__ function is not allowed
     1>C:\Program Files (x86)\Windows Kits\8.1\Include\shared\minwindef.h(130): warning C4005: 'APIENTRY' : macro redefinition
     1>c:\users\wpger_000\documents\visual studio 2013\projects\valis\valis\SDSphere.cuh(41): warning : calling a __host__ function from a __host__ __device__ function is not allowed
     1>c:\users\wpger_000\documents\visual studio 2013\projects\valis\valis\SDTorus.cuh(45): warning : calling a __host__ function from a __host__ __device__ function is not allowed
     1>C:\Program Files (x86)\Windows Kits\8.1\Include\shared\minwindef.h(130): warning C4005: 'APIENTRY' : macro redefinition
     1>C:\Program Files (x86)\Windows Kits\8.1\Include\shared\minwindef.h(130): warning C4005: 'APIENTRY' : macro redefinition
         SDFRelativeExtractor.cu
     1>C:/Users/wpger_000/documents/visual studio 2013/Projects/Valis/Valis/SDFRelativeExtractor.cu(233): warning C4018: '<' : signed/unsigned mismatch
     1>C:/Users/wpger_000/documents/visual studio 2013/Projects/Valis/Valis/SDFRelativeExtractor.cu(235): warning C4018: '<' : signed/unsigned mismatch
     1>C:/Users/wpger_000/documents/visual studio 2013/Projects/Valis/Valis/SDFRelativeExtractor.cu(237): warning C4018: '<' : signed/unsigned mismatch
       CudaBuild:
         Compiling CUDA source file TestRelativeScreen.cu...
         cmd.exe /C "C:\Users\wpger_000\AppData\Local\Temp\tmpf83a287865b34a97b5cf9766985e5094.cmd"
         "C:\Program Files\NVIDIA GPU Computing Toolkit\CUDA\v7.5\bin\nvcc.exe" -gencode=arch=compute_30,code=\"sm_30,compute_30\" -gencode=arch=compute_20,code=\"sm_20,compute_20\" --use-local-env --cl-version 2013 -ccbin "C:\Program Files (x86)\Microsoft Visual Studio 12.0\VC\bin"  -I"C:\Program Files\NVIDIA GPU Computing Toolkit\CUDA\v7.5\include" -I"C:\Program Files\NVIDIA GPU Computing Toolkit\CUDA\v7.5\include"  -G   --keep-dir Debug -maxrregcount=0  --machine 32 --compile -cudart static  -g   -DWIN32 -D_DEBUG -D_CONSOLE -D_MBCS -Xcompiler "/EHsc /W3 /nologo /Od /Zi /RTC1 /MDd " -o Debug\TestRelativeScreen.cu.obj "C:\Users\wpger_000\documents\visual studio 2013\Projects\Valis\Valis\TestRelativeScreen.cu"
         
         C:\Users\wpger_000\documents\visual studio 2013\Projects\Valis\Valis>"C:\Program Files\NVIDIA GPU Computing Toolkit\CUDA\v7.5\bin\nvcc.exe" -gencode=arch=compute_30,code=\"sm_30,compute_30\" -gencode=arch=compute_20,code=\"sm_20,compute_20\" --use-local-env --cl-version 2013 -ccbin "C:\Program Files (x86)\Microsoft Visual Studio 12.0\VC\bin"  -I"C:\Program Files\NVIDIA GPU Computing Toolkit\CUDA\v7.5\include" -I"C:\Program Files\NVIDIA GPU Computing Toolkit\CUDA\v7.5\include"  -G   --keep-dir Debug -maxrregcount=0  --machine 32 --compile -cudart static  -g   -DWIN32 -D_DEBUG -D_CONSOLE -D_MBCS -Xcompiler "/EHsc /W3 /nologo /Od /Zi /RTC1 /MDd " -o Debug\TestRelativeScreen.cu.obj "C:\Users\wpger_000\documents\visual studio 2013\Projects\Valis\Valis\TestRelativeScreen.cu" 
     1>c:\users\wpger_000\documents\visual studio 2013\projects\valis\valis\SDSphere.cuh(41): warning : calling a __host__ function from a __host__ __device__ function is not allowed
     1>c:\users\wpger_000\documents\visual studio 2013\projects\valis\valis\SDTorus.cuh(45): warning : calling a __host__ function from a __host__ __device__ function is not allowed
     1>c:\users\wpger_000\documents\visual studio 2013\projects\valis\valis\DistancePrimitive.cuh(21): warning : calling a __host__ function("DistancePrimitive::DistancePrimitive") from a __host__ __device__ function("DistancePrimitive::DistancePrimitive [subobject]") is not allowed
     1>c:\users\wpger_000\documents\visual studio 2013\projects\valis\valis\SDModification.cuh(15): warning : calling a __host__ function("SDModification::SDModification") from a __host__ __device__ function("SDModification::SDModification [subobject]") is not allowed
     1>c:\users\wpger_000\documents\visual studio 2013\projects\valis\valis\SDSphere.cuh(41): warning : calling a __host__ function("AABB::AABB") from a __host__ __device__ function("SDSphere::calculateBoundingVolume") is not allowed
     1>c:\users\wpger_000\documents\visual studio 2013\projects\valis\valis\SDTorus.cuh(45): warning : calling a __host__ function("AABB::AABB") from a __host__ __device__ function("SDTorus::calculateBoundingVolume") is not allowed
     1>c:\users\wpger_000\documents\visual studio 2013\projects\valis\valis\SDSphere.cuh(41): warning : calling a __host__ function from a __host__ __device__ function is not allowed
     1>c:\users\wpger_000\documents\visual studio 2013\projects\valis\valis\SDTorus.cuh(45): warning : calling a __host__ function from a __host__ __device__ function is not allowed
     1>c:\users\wpger_000\documents\visual studio 2013\projects\valis\valis\DistancePrimitive.cuh(21): warning : calling a __host__ function("DistancePrimitive::DistancePrimitive") from a __host__ __device__ function("DistancePrimitive::DistancePrimitive [subobject]") is not allowed
     1>c:\users\wpger_000\documents\visual studio 2013\projects\valis\valis\SDModification.cuh(15): warning : calling a __host__ function("SDModification::SDModification") from a __host__ __device__ function("SDModification::SDModification [subobject]") is not allowed
     1>c:\users\wpger_000\documents\visual studio 2013\projects\valis\valis\SDSphere.cuh(41): warning : calling a __host__ function("AABB::AABB") from a __host__ __device__ function("SDSphere::calculateBoundingVolume") is not allowed
     1>c:\users\wpger_000\documents\visual studio 2013\projects\valis\valis\SDTorus.cuh(45): warning : calling a __host__ function("AABB::AABB") from a __host__ __device__ function("SDTorus::calculateBoundingVolume") is not allowed
         TestRelativeScreen.cu
       ClCompile:
         C:\Program Files (x86)\Microsoft Visual Studio 12.0\VC\bin\CL.exe /c /I"C:\Program Files\NVIDIA GPU Computing Toolkit\CUDA\v7.5\include" /ZI /nologo /W3 /WX- /Od /Oy- /D WIN32 /D _DEBUG /D _CONSOLE /D _MBCS /Gm /EHsc /RTC1 /MDd /GS /fp:precise /Zc:wchar_t /Zc:forScope /Fo"Debug\\" /Fd"Debug\vc120.pdb" /Gd /TP /analyze- /errorReport:prompt TestScreen.cu
         TestScreen.cu
     1>c:\program files\nvidia gpu computing toolkit\cuda\v7.5\include\thrust\system\detail\error_category.inl(102): warning C4996: 'strerror': This function or variable may be unsafe. Consider using strerror_s instead. To disable deprecation, use _CRT_SECURE_NO_WARNINGS. See online help for details.
                 c:\program files (x86)\microsoft visual studio 12.0\vc\include\string.h(168) : see declaration of 'strerror'
     1>c:\program files\nvidia gpu computing toolkit\cuda\v7.5\include\thrust\system\cuda\detail\bulk\detail\pointer_traits.hpp(55): warning C4800: 'unsigned int' : forcing value to bool 'true' or 'false' (performance warning)
     1>c:\users\wpger_000\documents\visual studio 2013\projects\valis\valis\sdfrelativeextractor.cuh(14): warning C4099: 'ExtractionBlock' : type name first seen using 'struct' now seen using 'class'
                 c:\users\wpger_000\documents\visual studio 2013\projects\valis\valis\renderpoint.cuh(10) : see declaration of 'ExtractionBlock'
     1>c:\users\wpger_000\documents\visual studio 2013\projects\valis\valis\sdfextractor.cuh(12): warning C4099: 'ExtractionBlock' : type name first seen using 'struct' now seen using 'class'
                 c:\users\wpger_000\documents\visual studio 2013\projects\valis\valis\renderpoint.cuh(10) : see declaration of 'ExtractionBlock'
     1>c:\users\wpger_000\documents\visual studio 2013\projects\valis\valis\sdfdevice.cuh(37): warning C4018: '<' : signed/unsigned mismatch
       Link:
         C:\Program Files (x86)\Microsoft Visual Studio 12.0\VC\bin\link.exe /ERRORREPORT:PROMPT /OUT:"C:\Users\wpger_000\documents\visual studio 2013\Projects\Valis\Debug\Valis.exe" /INCREMENTAL /NOLOGO /LIBPATH:"C:\Users\wpger_000\Downloads\glfw-3.1.2.bin.WIN32.zip\glfw-3.1.2.bin.WIN32\lib-vc2013" /LIBPATH:"C:\Programming\Libraries\glew-1.13.0\bin\Release\Win32" /LIBPATH:"C:\Program Files\NVIDIA GPU Computing Toolkit\CUDA\v7.5\lib\Win32" cudart.lib kernel32.lib user32.lib gdi32.lib winspool.lib comdlg32.lib advapi32.lib shell32.lib ole32.lib oleaut32.lib uuid.lib odbc32.lib odbccp32.lib opengl32.lib glu32.lib glew32.lib glfw3.lib glfw3dll.lib kernel32.lib user32.lib gdi32.lib winspool.lib comdlg32.lib advapi32.lib shell32.lib ole32.lib oleaut32.lib uuid.lib odbc32.lib odbccp32.lib /MANIFEST /MANIFESTUAC:"level='asInvoker' uiAccess='false'" /manifest:embed /DEBUG /PDB:"C:\Users\wpger_000\documents\visual studio 2013\Projects\Valis\Debug\Valis.pdb" /SUBSYSTEM:CONSOLE /TLBID:1 /DYNAMICBASE /NXCOMPAT /IMPLIB:"C:\Users\wpger_000\documents\visual studio 2013\Projects\Valis\Debug\Valis.lib" /MACHINE:X86 Debug\CarveSDPrimitive.cu.obj
         Debug\Descriptor.cu.obj
         Debug\Galaxy.cu.obj
         Debug\IBO.cu.obj
         Debug\kernel.cu.obj
         Debug\MouseClickCallback.cu.obj
         Debug\MouseMoveCallback.cu.obj
         Debug\PBO.cu.obj
         Debug\PlaceSDPrimitive.cu.obj
         Debug\Player.cu.obj
         Debug\SDFDevice.cu.obj
         Debug\SDFExtractor.cu.obj
         Debug\SDFHilbertExtractor.cu.obj
         Debug\SDFHost.cu.obj
         Debug\SDFRelativeExtractor.cu.obj
         Debug\SDSphere.cu.obj
         Debug\SDTorus.cu.obj
         Debug\TestRelativeScreen.cu.obj
         Debug\Texture2D.cu.obj
         Debug\VAO.cu.obj
         Debug\VBO.cu.obj
         Debug\Application.obj
         Debug\Camera.obj
         Debug\Game.obj
         Debug\KDLeafNodeCollection.obj
         Debug\KeyboardCallback.obj
         Debug\ShaderProgram.obj
         Debug\TestScreen.obj
     1>LINK : warning LNK4098: defaultlib 'MSVCRT' conflicts with use of other libs; use /NODEFAULTLIB:library
         Valis.vcxproj -> C:\Users\wpger_000\documents\visual studio 2013\Projects\Valis\Debug\Valis.exe
       PostBuildEvent:
         echo copy "C:\Program Files\NVIDIA GPU Computing Toolkit\CUDA\v7.5\bin\cudart*.dll" "C:\Users\wpger_000\documents\visual studio 2013\Projects\Valis\Debug\"
         copy "C:\Program Files\NVIDIA GPU Computing Toolkit\CUDA\v7.5\bin\cudart*.dll" "C:\Users\wpger_000\documents\visual studio 2013\Projects\Valis\Debug\"
         :VCEnd
         copy "C:\Program Files\NVIDIA GPU Computing Toolkit\CUDA\v7.5\bin\cudart*.dll" "C:\Users\wpger_000\documents\visual studio 2013\Projects\Valis\Debug\"
         C:\Program Files\NVIDIA GPU Computing Toolkit\CUDA\v7.5\bin\cudart32_75.dll
         C:\Program Files\NVIDIA GPU Computing Toolkit\CUDA\v7.5\bin\cudart64_75.dll
                 2 file(s) copied.
     1>Done Building Project "C:\Users\wpger_000\documents\visual studio 2013\Projects\Valis\Valis\Valis.vcxproj" (Build target(s)).

Build succeeded.

Time Elapsed 00:01:11.31
